#-----------------------------------------------------------
# Vivado v2018.1 (64-bit)
# SW Build 2188600 on Wed Apr  4 18:40:38 MDT 2018
# IP Build 2185939 on Wed Apr  4 20:55:05 MDT 2018
# Start of session at: Wed Apr 18 21:42:17 2018
# Process ID: 1804
# Current directory: C:/Users/Thomas/Desktop/Jenny
# Command line: vivado.exe -gui_launcher_event rodinguilauncherevent6984 C:\Users\Thomas\Desktop\Jenny\Jenny.xpr
# Log file: C:/Users/Thomas/Desktop/Jenny/vivado.log
# Journal file: C:/Users/Thomas/Desktop/Jenny\vivado.jou
#-----------------------------------------------------------
start_gui
open_project C:/Users/Thomas/Desktop/Jenny/Jenny.xpr
INFO: [Project 1-313] Project file moved from 'C:/Users/tdale19/Desktop/Jenny' since last save.
Scanning sources...
Finished scanning sources
INFO: [Project 1-230] Project 'Jenny.xpr' upgraded for this version of Vivado.
INFO: [IP_Flow 19-234] Refreshing IP repositories
INFO: [IP_Flow 19-1704] No user IP repositories specified
INFO: [IP_Flow 19-2313] Loaded Vivado IP repository 'C:/Xilinx/Vivado/2018.1/data/ip'.
open_project: Time (s): cpu = 00:00:19 ; elapsed = 00:00:19 . Memory (MB): peak = 866.180 ; gain = 150.020
update_compile_order -fileset sources_1
update_compile_order -fileset sources_1
exit
INFO: [Common 17-206] Exiting Vivado at Wed Apr 18 22:08:20 2018...
